# JRE version: Java(TM) SE Runtime Environment (7.0_67-b01) (build 1.7.0_67-b01)
# Java VM: Java HotSpot(TM) 64-Bit Server VM (24.65-b04 mixed mode windows-amd64 compressed oops)
Heap
 PSYoungGen      total 76288K, used 59418K [0x00000000f5500000, 0x00000000faa00000, 0x0000000100000000)
  eden space 65536K, 74% used [0x00000000f5500000,0x00000000f848a500,0x00000000f9500000)
  from space 10752K, 99% used [0x00000000f9f80000,0x00000000fa9fc600,0x00000000faa00000)
  to   space 10752K, 0% used [0x00000000f9500000,0x00000000f9500000,0x00000000f9f80000)
 ParOldGen       total 174080K, used 7907K [0x00000000e0000000, 0x00000000eaa00000, 0x00000000f5500000)
  object space 174080K, 4% used [0x00000000e0000000,0x00000000e07b8e28,0x00000000eaa00000)
 PSPermGen       total 30720K, used 30303K [0x00000000dae00000, 0x00000000dcc00000, 0x00000000e0000000)
  object space 30720K, 98% used [0x00000000dae00000,0x00000000dcb97f28,0x00000000dcc00000)
GC Heap History (8 events):
Event: 1.698 GC heap before
{Heap before GC invocations=1 (full 0):
 PSYoungGen      total 76288K, used 65536K [0x00000000f5500000, 0x00000000faa00000, 0x0000000100000000)
  eden space 65536K, 100% used [0x00000000f5500000,0x00000000f9500000,0x00000000f9500000)
  from space 10752K, 0% used [0x00000000f9f80000,0x00000000f9f80000,0x00000000faa00000)
  to   space 10752K, 0% used [0x00000000f9500000,0x00000000f9500000,0x00000000f9f80000)
 ParOldGen       total 174080K, used 0K [0x00000000e0000000, 0x00000000eaa00000, 0x00000000f5500000)
  object space 174080K, 0% used [0x00000000e0000000,0x00000000e0000000,0x00000000eaa00000)
 PSPermGen       total 21504K, used 15378K [0x00000000dae00000, 0x00000000dc300000, 0x00000000e0000000)
  object space 21504K, 71% used [0x00000000dae00000,0x00000000dbd04958,0x00000000dc300000)
Event: 1.708 GC heap after
Heap after GC invocations=1 (full 0):
 PSYoungGen      total 76288K, used 10078K [0x00000000f5500000, 0x00000000faa00000, 0x0000000100000000)
  eden space 65536K, 0% used [0x00000000f5500000,0x00000000f5500000,0x00000000f9500000)
  from space 10752K, 93% used [0x00000000f9500000,0x00000000f9ed7b90,0x00000000f9f80000)
  to   space 10752K, 0% used [0x00000000f9f80000,0x00000000f9f80000,0x00000000faa00000)
 ParOldGen       total 174080K, used 8K [0x00000000e0000000, 0x00000000eaa00000, 0x00000000f5500000)
  object space 174080K, 0% used [0x00000000e0000000,0x00000000e0002000,0x00000000eaa00000)
 PSPermGen       total 21504K, used 15378K [0x00000000dae00000, 0x00000000dc300000, 0x00000000e0000000)
  object space 21504K, 71% used [0x00000000dae00000,0x00000000dbd04958,0x00000000dc300000)
}
Event: 2.358 GC heap before
{Heap before GC invocations=2 (full 0):
 PSYoungGen      total 76288K, used 75614K [0x00000000f5500000, 0x00000000faa00000, 0x0000000100000000)
  eden space 65536K, 100% used [0x00000000f5500000,0x00000000f9500000,0x00000000f9500000)
  from space 10752K, 93% used [0x00000000f9500000,0x00000000f9ed7b90,0x00000000f9f80000)
  to   space 10752K, 0% used [0x00000000f9f80000,0x00000000f9f80000,0x00000000faa00000)
 ParOldGen       total 174080K, used 8K [0x00000000e0000000, 0x00000000eaa00000, 0x00000000f5500000)
  object space 174080K, 0% used [0x00000000e0000000,0x00000000e0002000,0x00000000eaa00000)
 PSPermGen       total 21504K, used 17499K [0x00000000dae00000, 0x00000000dc300000, 0x00000000e0000000)
  object space 21504K, 81% used [0x00000000dae00000,0x00000000dbf16d18,0x00000000dc300000)
Event: 2.368 GC heap after
Heap after GC invocations=2 (full 0):
 PSYoungGen      total 76288K, used 10740K [0x00000000f5500000, 0x00000000faa00000, 0x0000000100000000)
  eden space 65536K, 0% used [0x00000000f5500000,0x00000000f5500000,0x00000000f9500000)
  from space 10752K, 99% used [0x00000000f9f80000,0x00000000fa9fd1d0,0x00000000faa00000)
  to   space 10752K, 0% used [0x00000000f9500000,0x00000000f9500000,0x00000000f9f80000)
 ParOldGen       total 174080K, used 500K [0x00000000e0000000, 0x00000000eaa00000, 0x00000000f5500000)
  object space 174080K, 0% used [0x00000000e0000000,0x00000000e007d060,0x00000000eaa00000)
 PSPermGen       total 21504K, used 17499K [0x00000000dae00000, 0x00000000dc300000, 0x00000000e0000000)
  object space 21504K, 81% used [0x00000000dae00000,0x00000000dbf16d18,0x00000000dc300000)
}
Event: 5.537 GC heap before
{Heap before GC invocations=3 (full 0):
 PSYoungGen      total 76288K, used 76276K [0x00000000f5500000, 0x00000000faa00000, 0x0000000100000000)
  eden space 65536K, 100% used [0x00000000f5500000,0x00000000f9500000,0x00000000f9500000)
  from space 10752K, 99% used [0x00000000f9f80000,0x00000000fa9fd1d0,0x00000000faa00000)
  to   space 10752K, 0% used [0x00000000f9500000,0x00000000f9500000,0x00000000f9f80000)
 ParOldGen       total 174080K, used 500K [0x00000000e0000000, 0x00000000eaa00000, 0x00000000f5500000)
  object space 174080K, 0% used [0x00000000e0000000,0x00000000e007d060,0x00000000eaa00000)
 PSPermGen       total 25600K, used 25239K [0x00000000dae00000, 0x00000000dc700000, 0x00000000e0000000)
  object space 25600K, 98% used [0x00000000dae00000,0x00000000dc6a5ce8,0x00000000dc700000)
Event: 5.549 GC heap after
Heap after GC invocations=3 (full 0):
 PSYoungGen      total 76288K, used 10734K [0x00000000f5500000, 0x00000000faa00000, 0x0000000100000000)
  eden space 65536K, 0% used [0x00000000f5500000,0x00000000f5500000,0x00000000f9500000)
  from space 10752K, 99% used [0x00000000f9500000,0x00000000f9f7b880,0x00000000f9f80000)
  to   space 10752K, 0% used [0x00000000f9f80000,0x00000000f9f80000,0x00000000faa00000)
 ParOldGen       total 174080K, used 5690K [0x00000000e0000000, 0x00000000eaa00000, 0x00000000f5500000)
  object space 174080K, 3% used [0x00000000e0000000,0x00000000e058ea80,0x00000000eaa00000)
 PSPermGen       total 25600K, used 25239K [0x00000000dae00000, 0x00000000dc700000, 0x00000000e0000000)
  object space 25600K, 98% used [0x00000000dae00000,0x00000000dc6a5ce8,0x00000000dc700000)
}
Event: 14.686 GC heap before
{Heap before GC invocations=4 (full 0):
 PSYoungGen      total 76288K, used 76270K [0x00000000f5500000, 0x00000000faa00000, 0x0000000100000000)
  eden space 65536K, 100% used [0x00000000f5500000,0x00000000f9500000,0x00000000f9500000)
  from space 10752K, 99% used [0x00000000f9500000,0x00000000f9f7b880,0x00000000f9f80000)
  to   space 10752K, 0% used [0x00000000f9f80000,0x00000000f9f80000,0x00000000faa00000)
 ParOldGen       total 174080K, used 5690K [0x00000000e0000000, 0x00000000eaa00000, 0x00000000f5500000)
  object space 174080K, 3% used [0x00000000e0000000,0x00000000e058ea80,0x00000000eaa00000)
 PSPermGen       total 30208K, used 29747K [0x00000000dae00000, 0x00000000dcb80000, 0x00000000e0000000)
  object space 30208K, 98% used [0x00000000dae00000,0x00000000dcb0cc60,0x00000000dcb80000)
Event: 14.696 GC heap after
Heap after GC invocations=4 (full 0):
 PSYoungGen      total 76288K, used 10737K [0x00000000f5500000, 0x00000000faa00000, 0x0000000100000000)
  eden space 65536K, 0% used [0x00000000f5500000,0x00000000f5500000,0x00000000f9500000)
  from space 10752K, 99% used [0x00000000f9f80000,0x00000000fa9fc600,0x00000000faa00000)
  to   space 10752K, 0% used [0x00000000f9500000,0x00000000f9500000,0x00000000f9f80000)
 ParOldGen       total 174080K, used 7907K [0x00000000e0000000, 0x00000000eaa00000, 0x00000000f5500000)
  object space 174080K, 4% used [0x00000000e0000000,0x00000000e07b8e28,0x00000000eaa00000)
 PSPermGen       total 30208K, used 29747K [0x00000000dae00000, 0x00000000dcb80000, 0x00000000e0000000)
  object space 30208K, 98% used [0x00000000dae00000,0x00000000dcb0cc60,0x00000000dcb80000)
}

